<?xml version="1.0" encoding="UTF-8"?>
<!-- Generated by org.testng.reporters.JUnitReportReporter -->
<testsuite hostname="HP" name="com.selenium.TestMethods.LoginMethods" tests="1" failures="0" timestamp="29 Jun 2014 15:00:47 GMT" time="35.214" errors="0">
  <testcase name="validate_first_time_successfullLogin" time="35.214" classname="com.selenium.TestMethods.LoginMethods"/>
</testsuite> <!-- com.selenium.TestMethods.LoginMethods -->
