<?xml version="1.0" encoding="UTF-8"?>
<!-- Generated by org.testng.reporters.JUnitReportReporter -->
<testsuite hostname="HP" name="com.selenium.TestMethods.SelectClass" tests="1" failures="0" timestamp="29 Jun 2014 15:00:47 GMT" time="76.321" errors="0">
  <testcase name="selectClass" time="76.321" classname="com.selenium.TestMethods.SelectClass"/>
</testsuite> <!-- com.selenium.TestMethods.SelectClass -->
