<?xml version="1.0" encoding="UTF-8"?>
<!-- Generated by org.testng.reporters.JUnitReportReporter -->
<testsuite hostname="kapil-VAIO" name="com.selenium.TestMethods.CreateData" tests="2" failures="0" timestamp="28 May 2014 19:34:21 GMT" time="107.941" errors="0">
  <testcase name="createClass2" time="37.738" classname="com.selenium.TestMethods.CreateData"/>
  <testcase name="createClass1" time="70.203" classname="com.selenium.TestMethods.CreateData"/>
</testsuite> <!-- com.selenium.TestMethods.CreateData -->
