<?xml version="1.0" encoding="UTF-8"?>
<!-- Generated by org.testng.reporters.JUnitReportReporter -->
<testsuite hostname="HP" name="com.selenium.TestMethods.GradingFunction" tests="3" failures="0" timestamp="29 Jun 2014 15:00:47 GMT" time="41.354" errors="0">
  <testcase name="gradeStudentAttended3" time="5.896" classname="com.selenium.TestMethods.GradingFunction"/>
  <testcase name="gradeStudentAttended1" time="17.858" classname="com.selenium.TestMethods.GradingFunction"/>
  <testcase name="gradeStudentAttended2" time="17.600" classname="com.selenium.TestMethods.GradingFunction"/>
</testsuite> <!-- com.selenium.TestMethods.GradingFunction -->
