<?xml version="1.0" encoding="UTF-8"?>
<!-- Generated by org.testng.reporters.JUnitReportReporter -->
<testsuite hostname="HP" name="com.selenium.Libraries.Selendrioddriver" tests="2" failures="0" timestamp="29 Jun 2014 15:00:47 GMT" time="49.935" errors="0">
  <testcase name="startSelendroidServer" time="14.013" classname="com.selenium.Libraries.Selendrioddriver"/>
  <testcase name="launchFlip" time="35.922" classname="com.selenium.Libraries.Selendrioddriver"/>
</testsuite> <!-- com.selenium.Libraries.Selendrioddriver -->
