<?xml version="1.0" encoding="UTF-8"?>
<!-- Generated by org.testng.reporters.JUnitReportReporter -->
<testsuite hostname="HP" name="com.selenium.TestData.CreateDataExcel" tests="2" failures="0" timestamp="29 Jun 2014 15:00:47 GMT" time="264.034" errors="0">
  <testcase name="testCF_Add_New_Student_Manually" time="139.421" classname="com.selenium.TestData.CreateDataExcel"/>
  <testcase name="testCF_Add_New_Class_Manually" time="124.613" classname="com.selenium.TestData.CreateDataExcel"/>
</testsuite> <!-- com.selenium.TestData.CreateDataExcel -->
