<?xml version="1.0" encoding="UTF-8"?>
<!-- Generated by org.testng.reporters.JUnitReportReporter -->
<testsuite hostname="HP" name="com.selenium.TestMethods.SelectAffiliation" tests="1" failures="0" timestamp="29 Jun 2014 15:00:47 GMT" time="37.877" errors="0">
  <testcase name="selectAffiliation" time="37.877" classname="com.selenium.TestMethods.SelectAffiliation"/>
</testsuite> <!-- com.selenium.TestMethods.SelectAffiliation -->
