<?xml version="1.0" encoding="UTF-8"?>
<!-- Generated by org.testng.reporters.JUnitReportReporter -->
<testsuite hostname="HP" name="com.selenium.TestData.CreateTestData" tests="1" failures="0" timestamp="23 Jun 2014 08:02:48 GMT" time="67.745" errors="0">
  <testcase name="createData1" time="67.745" classname="com.selenium.TestData.CreateTestData"/>
</testsuite> <!-- com.selenium.TestData.CreateTestData -->
