<?xml version="1.0" encoding="UTF-8"?>
<!-- Generated by org.testng.reporters.JUnitReportReporter -->
<testsuite hostname="HP" name="com.selenium.TestMethods.PastClass" tests="2" failures="0" timestamp="29 Jun 2014 15:00:47 GMT" time="176.300" errors="0">
  <testcase name="hiddenClass1" time="158.031" classname="com.selenium.TestMethods.PastClass"/>
  <testcase name="hiddenClass2" time="18.269" classname="com.selenium.TestMethods.PastClass"/>
</testsuite> <!-- com.selenium.TestMethods.PastClass -->
