<?xml version="1.0" encoding="UTF-8"?>
<!-- Generated by org.testng.reporters.JUnitReportReporter -->
<testsuite hostname="HP" name="com.selenium.TestMethods.DropFunction" tests="1" failures="0" timestamp="29 Jun 2014 15:00:47 GMT" time="20.237" errors="0">
  <testcase name="dropStudent" time="20.237" classname="com.selenium.TestMethods.DropFunction"/>
</testsuite> <!-- com.selenium.TestMethods.DropFunction -->
