<?xml version="1.0" encoding="UTF-8"?>
<!-- Generated by org.testng.reporters.JUnitReportReporter -->
<testsuite hostname="HP" name="com.selenium.TestMethods.AddFunction" tests="1" failures="0" timestamp="29 Jun 2014 15:00:47 GMT" time="85.481" errors="0">
  <testcase name="calladd" time="85.481" classname="com.selenium.TestMethods.AddFunction"/>
</testsuite> <!-- com.selenium.TestMethods.AddFunction -->
