<?xml version="1.0" encoding="UTF-8"?>
<!-- Generated by org.testng.reporters.JUnitReportReporter -->
<testsuite hostname="kapil-VAIO" name="com.sele.Class1" tests="1" failures="0" timestamp="15 May 2014 18:39:11 GMT" time="7.383" errors="0">
  <testcase name="startSelendroidServer" time="7.383" classname="com.sele.Class1"/>
</testsuite> <!-- com.sele.Class1 -->
