<?xml version="1.0" encoding="UTF-8"?>
<!-- Generated by org.testng.reporters.JUnitReportReporter -->
<testsuite hostname="HP" name="com.selenium.TestMethods.WaitListFunction" tests="2" failures="0" timestamp="29 Jun 2014 15:00:47 GMT" time="40.344" errors="0">
  <testcase name="addToWaitList2" time="15.674" classname="com.selenium.TestMethods.WaitListFunction"/>
  <testcase name="addToWaitList1" time="24.670" classname="com.selenium.TestMethods.WaitListFunction"/>
</testsuite> <!-- com.selenium.TestMethods.WaitListFunction -->
